<?xml version="1.0" encoding="UTF-8"?>
<testng-results skipped="0" failed="0" ignored="0" total="1" passed="1">
  <reporter-output>
  </reporter-output>
  <suite name="Default suite" duration-ms="19796" started-at="2018-03-31T04:24:39Z" finished-at="2018-03-31T04:24:58Z">
    <groups>
    </groups>
    <test name="Default test" duration-ms="19796" started-at="2018-03-31T04:24:39Z" finished-at="2018-03-31T04:24:58Z">
      <class name="testScript.Rediff_login_01">
        <test-method status="PASS" signature="login()[pri:0, instance:testScript.Rediff_login_01@ae45eb6]" name="login" duration-ms="19760" started-at="2018-03-31T04:24:39Z" finished-at="2018-03-31T04:24:58Z">
          <reporter-output>
          </reporter-output>
        </test-method> <!-- login -->
      </class> <!-- testScript.Rediff_login_01 -->
    </test> <!-- Default test -->
  </suite> <!-- Default suite -->
</testng-results>
